<?xml version="1.0" encoding="UTF-8"?>
<!-- Generated by org.testng.reporters.JUnitXMLReporter -->
<testsuite hostname="dell-PCg1" name="Default test" tests="4" failures="0" timestamp="4 Sep 2019 10:42:47 GMT" time="1.127" errors="0">
  <testcase name="test_case" time="0.488" classname="lemon.day13.section03.Register_Test_Case01"/>
  <testcase name="test_case" time="0.078" classname="lemon.day13.section03.Register_Test_Case01"/>
  <testcase name="test_case" time="0.07" classname="lemon.day13.section03.Register_Test_Case01"/>
  <testcase name="test_case" time="0.067" classname="lemon.day13.section03.Register_Test_Case01"/>
</testsuite> <!-- Default test -->
