<?xml version="1.0" encoding="UTF-8"?>
<!-- Generated by org.testng.reporters.JUnitXMLReporter -->
<testsuite hostname="dell-PCg1" name="Default test" tests="17" failures="0" timestamp="10 Sep 2019 08:49:00 GMT" time="2.332" errors="0">
  <testcase name="test_case" time="0.536" classname="lemon.day15.study01.section02.All_Test_Case"/>
  <testcase name="test_case" time="0.08" classname="lemon.day15.study01.section02.All_Test_Case"/>
  <testcase name="test_case" time="0.071" classname="lemon.day15.study01.section02.All_Test_Case"/>
  <testcase name="test_case" time="0.074" classname="lemon.day15.study01.section02.All_Test_Case"/>
  <testcase name="test_case" time="0.082" classname="lemon.day15.study01.section02.All_Test_Case"/>
  <testcase name="test_case" time="0.085" classname="lemon.day15.study01.section02.All_Test_Case"/>
  <testcase name="test_case" time="0.078" classname="lemon.day15.study01.section02.All_Test_Case"/>
  <testcase name="test_case" time="0.079" classname="lemon.day15.study01.section02.All_Test_Case"/>
  <testcase name="test_case" time="0.084" classname="lemon.day15.study01.section02.All_Test_Case"/>
  <testcase name="test_case" time="0.08" classname="lemon.day15.study01.section02.All_Test_Case"/>
  <testcase name="test_case" time="0.076" classname="lemon.day15.study01.section02.All_Test_Case"/>
  <testcase name="test_case" time="0.075" classname="lemon.day15.study01.section02.All_Test_Case"/>
  <testcase name="test_case" time="0.075" classname="lemon.day15.study01.section02.All_Test_Case"/>
  <testcase name="test_case" time="0.074" classname="lemon.day15.study01.section02.All_Test_Case"/>
  <testcase name="test_case" time="0.083" classname="lemon.day15.study01.section02.All_Test_Case"/>
  <testcase name="test_case" time="0.071" classname="lemon.day15.study01.section02.All_Test_Case"/>
  <testcase name="test_case" time="0.085" classname="lemon.day15.study01.section02.All_Test_Case"/>
</testsuite> <!-- Default test -->
