<?xml version="1.0" encoding="UTF-8"?>
<!-- Generated by org.testng.reporters.JUnitXMLReporter -->
<testsuite hostname="dell-PCg1" name="firstTest" tests="3" failures="3" timestamp="27 Aug 2019 03:44:56 GMT" time="0.02" errors="0">
  <testcase name="f" time="0.004" classname="lemon.day01.SuccessTest">
    <failure type="java.lang.NullPointerException">
      <![CDATA[java.lang.NullPointerException
	at lemon.day01.SuccessTest.f(SuccessTest.java:9)
... Removed 24 stack frames]]>
    </failure>
  </testcase> <!-- f -->
  <testcase name="f1" time="0.001" classname="lemon.day01.SuccessTest">
    <failure type="java.lang.NullPointerException">
      <![CDATA[java.lang.NullPointerException
	at lemon.day01.SuccessTest.f1(SuccessTest.java:15)
... Removed 24 stack frames]]>
    </failure>
  </testcase> <!-- f1 -->
  <testcase name="f2" time="0.001" classname="lemon.day01.SuccessTest">
    <failure type="java.lang.NullPointerException">
      <![CDATA[java.lang.NullPointerException
	at lemon.day01.SuccessTest.f2(SuccessTest.java:22)
... Removed 24 stack frames]]>
    </failure>
  </testcase> <!-- f2 -->
</testsuite> <!-- firstTest -->
