<?xml version="1.0" encoding="UTF-8"?>
<testng-results skipped="0" failed="0" total="17" passed="17">
  <reporter-output>
  </reporter-output>
  <suite name="Default suite" duration-ms="2332" started-at="2019-09-10T08:48:57Z" finished-at="2019-09-10T08:49:00Z">
    <groups>
    </groups>
    <test name="Default test" duration-ms="2332" started-at="2019-09-10T08:48:57Z" finished-at="2019-09-10T08:49:00Z">
      <class name="lemon.day15.study01.section02.All_Test_Case">
        <test-method status="PASS" signature="test_case(lemon.day15.study01.section02.ApiInfoCase)[pri:0, instance:lemon.day15.study01.section02.All_Test_Case@6ad5c04e]" name="test_case" duration-ms="536" started-at="2019-09-10T16:48:58Z" data-provider="getData" finished-at="2019-09-10T16:48:58Z">
          <params>
            <param index="0">
              <value>
                <![CDATA[ApiInfoCase [caseId=1, apiId=1, requestData={ "mobile_phone": "13888887773","pwd": "12345678"}, apiInfo=ApidetailCase [apiId=1, apiName=注册, url=http://120.78.128.25:8766/futureloan/member/register, type=POST]]]]>
              </value>
            </param>
          </params>
          <reporter-output>
          </reporter-output>
        </test-method> <!-- test_case -->
        <test-method status="PASS" signature="test_case(lemon.day15.study01.section02.ApiInfoCase)[pri:0, instance:lemon.day15.study01.section02.All_Test_Case@6ad5c04e]" name="test_case" duration-ms="80" started-at="2019-09-10T16:48:58Z" data-provider="getData" finished-at="2019-09-10T16:48:58Z">
          <params>
            <param index="0">
              <value>
                <![CDATA[ApiInfoCase [caseId=2, apiId=1, requestData={ "mobile_phone": "13888","pwd": "12345678"}, apiInfo=ApidetailCase [apiId=1, apiName=注册, url=http://120.78.128.25:8766/futureloan/member/register, type=POST]]]]>
              </value>
            </param>
          </params>
          <reporter-output>
          </reporter-output>
        </test-method> <!-- test_case -->
        <test-method status="PASS" signature="test_case(lemon.day15.study01.section02.ApiInfoCase)[pri:0, instance:lemon.day15.study01.section02.All_Test_Case@6ad5c04e]" name="test_case" duration-ms="71" started-at="2019-09-10T16:48:58Z" data-provider="getData" finished-at="2019-09-10T16:48:58Z">
          <params>
            <param index="0">
              <value>
                <![CDATA[ApiInfoCase [caseId=3, apiId=1, requestData={ "mobile_phone": "lemon","pwd": "12345678"}, apiInfo=ApidetailCase [apiId=1, apiName=注册, url=http://120.78.128.25:8766/futureloan/member/register, type=POST]]]]>
              </value>
            </param>
          </params>
          <reporter-output>
          </reporter-output>
        </test-method> <!-- test_case -->
        <test-method status="PASS" signature="test_case(lemon.day15.study01.section02.ApiInfoCase)[pri:0, instance:lemon.day15.study01.section02.All_Test_Case@6ad5c04e]" name="test_case" duration-ms="74" started-at="2019-09-10T16:48:58Z" data-provider="getData" finished-at="2019-09-10T16:48:58Z">
          <params>
            <param index="0">
              <value>
                <![CDATA[ApiInfoCase [caseId=4, apiId=1, requestData={ "mobile_phone": "13888887773","pwd": ""}, apiInfo=ApidetailCase [apiId=1, apiName=注册, url=http://120.78.128.25:8766/futureloan/member/register, type=POST]]]]>
              </value>
            </param>
          </params>
          <reporter-output>
          </reporter-output>
        </test-method> <!-- test_case -->
        <test-method status="PASS" signature="test_case(lemon.day15.study01.section02.ApiInfoCase)[pri:0, instance:lemon.day15.study01.section02.All_Test_Case@6ad5c04e]" name="test_case" duration-ms="82" started-at="2019-09-10T16:48:58Z" data-provider="getData" finished-at="2019-09-10T16:48:59Z">
          <params>
            <param index="0">
              <value>
                <![CDATA[ApiInfoCase [caseId=5, apiId=1, requestData={ "mobile_phone": "","pwd": ""}, apiInfo=ApidetailCase [apiId=1, apiName=注册, url=http://120.78.128.25:8766/futureloan/member/register, type=POST]]]]>
              </value>
            </param>
          </params>
          <reporter-output>
          </reporter-output>
        </test-method> <!-- test_case -->
        <test-method status="PASS" signature="test_case(lemon.day15.study01.section02.ApiInfoCase)[pri:0, instance:lemon.day15.study01.section02.All_Test_Case@6ad5c04e]" name="test_case" duration-ms="85" started-at="2019-09-10T16:48:59Z" data-provider="getData" finished-at="2019-09-10T16:48:59Z">
          <params>
            <param index="0">
              <value>
                <![CDATA[ApiInfoCase [caseId=6, apiId=1, requestData={ "mobile_phone": "13888887773","pwd": "12345"}, apiInfo=ApidetailCase [apiId=1, apiName=注册, url=http://120.78.128.25:8766/futureloan/member/register, type=POST]]]]>
              </value>
            </param>
          </params>
          <reporter-output>
          </reporter-output>
        </test-method> <!-- test_case -->
        <test-method status="PASS" signature="test_case(lemon.day15.study01.section02.ApiInfoCase)[pri:0, instance:lemon.day15.study01.section02.All_Test_Case@6ad5c04e]" name="test_case" duration-ms="78" started-at="2019-09-10T16:48:59Z" data-provider="getData" finished-at="2019-09-10T16:48:59Z">
          <params>
            <param index="0">
              <value>
                <![CDATA[ApiInfoCase [caseId=7, apiId=2, requestData={"mobile_phone": "13888887773","pwd": "12345678"}, apiInfo=ApidetailCase [apiId=2, apiName=登录, url=http://120.78.128.25:8766/futureloan/member/login, type=POST]]]]>
              </value>
            </param>
          </params>
          <reporter-output>
          </reporter-output>
        </test-method> <!-- test_case -->
        <test-method status="PASS" signature="test_case(lemon.day15.study01.section02.ApiInfoCase)[pri:0, instance:lemon.day15.study01.section02.All_Test_Case@6ad5c04e]" name="test_case" duration-ms="79" started-at="2019-09-10T16:48:59Z" data-provider="getData" finished-at="2019-09-10T16:48:59Z">
          <params>
            <param index="0">
              <value>
                <![CDATA[ApiInfoCase [caseId=8, apiId=2, requestData={"mobile_phone": "13888","pwd": "12345678"}, apiInfo=ApidetailCase [apiId=2, apiName=登录, url=http://120.78.128.25:8766/futureloan/member/login, type=POST]]]]>
              </value>
            </param>
          </params>
          <reporter-output>
          </reporter-output>
        </test-method> <!-- test_case -->
        <test-method status="PASS" signature="test_case(lemon.day15.study01.section02.ApiInfoCase)[pri:0, instance:lemon.day15.study01.section02.All_Test_Case@6ad5c04e]" name="test_case" duration-ms="84" started-at="2019-09-10T16:48:59Z" data-provider="getData" finished-at="2019-09-10T16:48:59Z">
          <params>
            <param index="0">
              <value>
                <![CDATA[ApiInfoCase [caseId=9, apiId=2, requestData={"mobile_phone": "","pwd": "12345678"}, apiInfo=ApidetailCase [apiId=2, apiName=登录, url=http://120.78.128.25:8766/futureloan/member/login, type=POST]]]]>
              </value>
            </param>
          </params>
          <reporter-output>
          </reporter-output>
        </test-method> <!-- test_case -->
        <test-method status="PASS" signature="test_case(lemon.day15.study01.section02.ApiInfoCase)[pri:0, instance:lemon.day15.study01.section02.All_Test_Case@6ad5c04e]" name="test_case" duration-ms="80" started-at="2019-09-10T16:48:59Z" data-provider="getData" finished-at="2019-09-10T16:48:59Z">
          <params>
            <param index="0">
              <value>
                <![CDATA[ApiInfoCase [caseId=10, apiId=2, requestData={"mobile_phone": "","pwd": ""}, apiInfo=ApidetailCase [apiId=2, apiName=登录, url=http://120.78.128.25:8766/futureloan/member/login, type=POST]]]]>
              </value>
            </param>
          </params>
          <reporter-output>
          </reporter-output>
        </test-method> <!-- test_case -->
        <test-method status="PASS" signature="test_case(lemon.day15.study01.section02.ApiInfoCase)[pri:0, instance:lemon.day15.study01.section02.All_Test_Case@6ad5c04e]" name="test_case" duration-ms="76" started-at="2019-09-10T16:48:59Z" data-provider="getData" finished-at="2019-09-10T16:48:59Z">
          <params>
            <param index="0">
              <value>
                <![CDATA[ApiInfoCase [caseId=11, apiId=2, requestData={"mobile_phone": "lemon","pwd": ""}, apiInfo=ApidetailCase [apiId=2, apiName=登录, url=http://120.78.128.25:8766/futureloan/member/login, type=POST]]]]>
              </value>
            </param>
          </params>
          <reporter-output>
          </reporter-output>
        </test-method> <!-- test_case -->
        <test-method status="PASS" signature="test_case(lemon.day15.study01.section02.ApiInfoCase)[pri:0, instance:lemon.day15.study01.section02.All_Test_Case@6ad5c04e]" name="test_case" duration-ms="75" started-at="2019-09-10T16:48:59Z" data-provider="getData" finished-at="2019-09-10T16:48:59Z">
          <params>
            <param index="0">
              <value>
                <![CDATA[ApiInfoCase [caseId=12, apiId=2, requestData={"mobile_phone": "13888887773","pwd": "12345"}, apiInfo=ApidetailCase [apiId=2, apiName=登录, url=http://120.78.128.25:8766/futureloan/member/login, type=POST]]]]>
              </value>
            </param>
          </params>
          <reporter-output>
          </reporter-output>
        </test-method> <!-- test_case -->
        <test-method status="PASS" signature="test_case(lemon.day15.study01.section02.ApiInfoCase)[pri:0, instance:lemon.day15.study01.section02.All_Test_Case@6ad5c04e]" name="test_case" duration-ms="75" started-at="2019-09-10T16:48:59Z" data-provider="getData" finished-at="2019-09-10T16:48:59Z">
          <params>
            <param index="0">
              <value>
                <![CDATA[ApiInfoCase [caseId=13, apiId=2, requestData={"mobile_phone": "13888887773"}, apiInfo=ApidetailCase [apiId=2, apiName=登录, url=http://120.78.128.25:8766/futureloan/member/login, type=POST]]]]>
              </value>
            </param>
          </params>
          <reporter-output>
          </reporter-output>
        </test-method> <!-- test_case -->
        <test-method status="PASS" signature="test_case(lemon.day15.study01.section02.ApiInfoCase)[pri:0, instance:lemon.day15.study01.section02.All_Test_Case@6ad5c04e]" name="test_case" duration-ms="74" started-at="2019-09-10T16:48:59Z" data-provider="getData" finished-at="2019-09-10T16:48:59Z">
          <params>
            <param index="0">
              <value>
                <![CDATA[ApiInfoCase [caseId=14, apiId=3, requestData={"member_id": 47,"amount": 0}, apiInfo=ApidetailCase [apiId=3, apiName=充值, url=http://120.78.128.25:8766/futureloan/member/recharge, type=POST]]]]>
              </value>
            </param>
          </params>
          <reporter-output>
          </reporter-output>
        </test-method> <!-- test_case -->
        <test-method status="PASS" signature="test_case(lemon.day15.study01.section02.ApiInfoCase)[pri:0, instance:lemon.day15.study01.section02.All_Test_Case@6ad5c04e]" name="test_case" duration-ms="83" started-at="2019-09-10T16:48:59Z" data-provider="getData" finished-at="2019-09-10T16:48:59Z">
          <params>
            <param index="0">
              <value>
                <![CDATA[ApiInfoCase [caseId=15, apiId=3, requestData={"member_id": 47,"amount": 6300}, apiInfo=ApidetailCase [apiId=3, apiName=充值, url=http://120.78.128.25:8766/futureloan/member/recharge, type=POST]]]]>
              </value>
            </param>
          </params>
          <reporter-output>
          </reporter-output>
        </test-method> <!-- test_case -->
        <test-method status="PASS" signature="test_case(lemon.day15.study01.section02.ApiInfoCase)[pri:0, instance:lemon.day15.study01.section02.All_Test_Case@6ad5c04e]" name="test_case" duration-ms="71" started-at="2019-09-10T16:48:59Z" data-provider="getData" finished-at="2019-09-10T16:48:59Z">
          <params>
            <param index="0">
              <value>
                <![CDATA[ApiInfoCase [caseId=16, apiId=3, requestData={"member_id": 47,"amount": 500001}, apiInfo=ApidetailCase [apiId=3, apiName=充值, url=http://120.78.128.25:8766/futureloan/member/recharge, type=POST]]]]>
              </value>
            </param>
          </params>
          <reporter-output>
          </reporter-output>
        </test-method> <!-- test_case -->
        <test-method status="PASS" signature="test_case(lemon.day15.study01.section02.ApiInfoCase)[pri:0, instance:lemon.day15.study01.section02.All_Test_Case@6ad5c04e]" name="test_case" duration-ms="85" started-at="2019-09-10T16:48:59Z" data-provider="getData" finished-at="2019-09-10T16:49:00Z">
          <params>
            <param index="0">
              <value>
                <![CDATA[ApiInfoCase [caseId=17, apiId=3, requestData={"member_id": 47,"amount": -100}, apiInfo=ApidetailCase [apiId=3, apiName=充值, url=http://120.78.128.25:8766/futureloan/member/recharge, type=POST]]]]>
              </value>
            </param>
          </params>
          <reporter-output>
          </reporter-output>
        </test-method> <!-- test_case -->
      </class> <!-- lemon.day15.study01.section02.All_Test_Case -->
    </test> <!-- Default test -->
  </suite> <!-- Default suite -->
</testng-results>
