<?xml version="1.0" encoding="UTF-8"?>
<testng-results skipped="0" failed="3" total="18" passed="15">
  <reporter-output>
  </reporter-output>
  <suite name="Default suite" duration-ms="2280" started-at="2019-09-18T09:30:30Z" finished-at="2019-09-18T09:30:32Z">
    <groups>
    </groups>
    <test name="Default test" duration-ms="2280" started-at="2019-09-18T09:30:30Z" finished-at="2019-09-18T09:30:32Z">
      <class name="lemon.day19.testCase.All_Test_Case">
        <test-method status="FAIL" signature="test_case(lemon.day19.pojo.ApiCaseDetail)[pri:0, instance:lemon.day19.testCase.All_Test_Case@256216b3]" name="test_case" duration-ms="7" started-at="2019-09-18T17:30:30Z" data-provider="getData" finished-at="2019-09-18T17:30:30Z">
          <params>
            <param index="0">
              <value>
                <![CDATA[ApiCaseDetail [caseId=1, apiId=1, requestData={ "mobile_phone": "13855557777","pwd": "12345678"}, actualResp=, expectedRespKeyInfo=, apiInfo=ApiInfo [apiId=1, apiName=注册, url=http://120.78.128.25:8766/futureloan/member/register, type=POST, headers=[{"name":"X-Lemonban-Media-Type","value":"lemonban.v1"},{"name":"org","value":"lemonban"}], getRowNo()=2]]]]>
              </value>
            </param>
          </params>
          <exception class="java.lang.ExceptionInInitializerError">
            <full-stacktrace>
              <![CDATA[java.lang.ExceptionInInitializerError
	at lemon.day19.utils.SqlCheckUtils.check(SqlCheckUtils.java:51)
	at lemon.day19.utils.SqlCheckUtils.beforeCheck(SqlCheckUtils.java:19)
	at lemon.day19.testCase.All_Test_Case.test_case(All_Test_Case.java:51)
	at sun.reflect.NativeMethodAccessorImpl.invoke0(Native Method)
	at sun.reflect.NativeMethodAccessorImpl.invoke(Unknown Source)
	at sun.reflect.DelegatingMethodAccessorImpl.invoke(Unknown Source)
	at java.lang.reflect.Method.invoke(Unknown Source)
	at org.testng.internal.MethodInvocationHelper.invokeMethod(MethodInvocationHelper.java:85)
	at org.testng.internal.Invoker.invokeMethod(Invoker.java:639)
	at org.testng.internal.Invoker.invokeTestMethod(Invoker.java:816)
	at org.testng.internal.Invoker.invokeTestMethods(Invoker.java:1124)
	at org.testng.internal.TestMethodWorker.invokeTestMethods(TestMethodWorker.java:125)
	at org.testng.internal.TestMethodWorker.run(TestMethodWorker.java:108)
	at org.testng.TestRunner.privateRun(TestRunner.java:774)
	at org.testng.TestRunner.run(TestRunner.java:624)
	at org.testng.SuiteRunner.runTest(SuiteRunner.java:359)
	at org.testng.SuiteRunner.runSequentially(SuiteRunner.java:354)
	at org.testng.SuiteRunner.privateRun(SuiteRunner.java:312)
	at org.testng.SuiteRunner.run(SuiteRunner.java:261)
	at org.testng.SuiteRunnerWorker.runSuite(SuiteRunnerWorker.java:52)
	at org.testng.SuiteRunnerWorker.run(SuiteRunnerWorker.java:86)
	at org.testng.TestNG.runSuitesSequentially(TestNG.java:1191)
	at org.testng.TestNG.runSuitesLocally(TestNG.java:1116)
	at org.testng.TestNG.run(TestNG.java:1024)
	at org.testng.remote.RemoteTestNG.run(RemoteTestNG.java:112)
	at org.testng.remote.RemoteTestNG.initAndRun(RemoteTestNG.java:205)
	at org.testng.remote.RemoteTestNG.main(RemoteTestNG.java:176)
Caused by: java.lang.NullPointerException
	at java.util.Properties$LineReader.readLine(Unknown Source)
	at java.util.Properties.load0(Unknown Source)
	at java.util.Properties.load(Unknown Source)
	at lemon.day19.utils.DbUtils.init(DbUtils.java:59)
	at lemon.day19.utils.DbUtils.<clinit>(DbUtils.java:33)
	... 27 more
]]>
            </full-stacktrace>
          </exception> <!-- java.lang.ExceptionInInitializerError -->
          <reporter-output>
          </reporter-output>
        </test-method> <!-- test_case -->
        <test-method status="FAIL" signature="test_case(lemon.day19.pojo.ApiCaseDetail)[pri:0, instance:lemon.day19.testCase.All_Test_Case@256216b3]" name="test_case" duration-ms="1" started-at="2019-09-18T17:30:30Z" data-provider="getData" finished-at="2019-09-18T17:30:30Z">
          <params>
            <param index="0">
              <value>
                <![CDATA[ApiCaseDetail [caseId=2, apiId=1, requestData={ "mobile_phone": "13855557777","pwd": "12345678"}, actualResp=, expectedRespKeyInfo=[{"jsonPath":"$.code","expected":2},
{"jsonPath":"$.msg","expected":"账号已存在"}], apiInfo=ApiInfo [apiId=1, apiName=注册, url=http://120.78.128.25:8766/futureloan/member/register, type=POST, headers=[{"name":"X-Lemonban-Media-Type","value":"lemonban.v1"},{"name":"org","value":"lemonban"}], getRowNo()=2]]]]>
              </value>
            </param>
          </params>
          <exception class="java.lang.NoClassDefFoundError">
            <message>
              <![CDATA[Could not initialize class lemon.day19.utils.DbUtils]]>
            </message>
            <full-stacktrace>
              <![CDATA[java.lang.NoClassDefFoundError: Could not initialize class lemon.day19.utils.DbUtils
	at lemon.day19.utils.SqlCheckUtils.check(SqlCheckUtils.java:51)
	at lemon.day19.utils.SqlCheckUtils.beforeCheck(SqlCheckUtils.java:19)
	at lemon.day19.testCase.All_Test_Case.test_case(All_Test_Case.java:51)
	at sun.reflect.NativeMethodAccessorImpl.invoke0(Native Method)
	at sun.reflect.NativeMethodAccessorImpl.invoke(Unknown Source)
	at sun.reflect.DelegatingMethodAccessorImpl.invoke(Unknown Source)
	at java.lang.reflect.Method.invoke(Unknown Source)
	at org.testng.internal.MethodInvocationHelper.invokeMethod(MethodInvocationHelper.java:85)
	at org.testng.internal.Invoker.invokeMethod(Invoker.java:639)
	at org.testng.internal.Invoker.invokeTestMethod(Invoker.java:816)
	at org.testng.internal.Invoker.invokeTestMethods(Invoker.java:1124)
	at org.testng.internal.TestMethodWorker.invokeTestMethods(TestMethodWorker.java:125)
	at org.testng.internal.TestMethodWorker.run(TestMethodWorker.java:108)
	at org.testng.TestRunner.privateRun(TestRunner.java:774)
	at org.testng.TestRunner.run(TestRunner.java:624)
	at org.testng.SuiteRunner.runTest(SuiteRunner.java:359)
	at org.testng.SuiteRunner.runSequentially(SuiteRunner.java:354)
	at org.testng.SuiteRunner.privateRun(SuiteRunner.java:312)
	at org.testng.SuiteRunner.run(SuiteRunner.java:261)
	at org.testng.SuiteRunnerWorker.runSuite(SuiteRunnerWorker.java:52)
	at org.testng.SuiteRunnerWorker.run(SuiteRunnerWorker.java:86)
	at org.testng.TestNG.runSuitesSequentially(TestNG.java:1191)
	at org.testng.TestNG.runSuitesLocally(TestNG.java:1116)
	at org.testng.TestNG.run(TestNG.java:1024)
	at org.testng.remote.RemoteTestNG.run(RemoteTestNG.java:112)
	at org.testng.remote.RemoteTestNG.initAndRun(RemoteTestNG.java:205)
	at org.testng.remote.RemoteTestNG.main(RemoteTestNG.java:176)
]]>
            </full-stacktrace>
          </exception> <!-- java.lang.NoClassDefFoundError -->
          <reporter-output>
          </reporter-output>
        </test-method> <!-- test_case -->
        <test-method status="PASS" signature="test_case(lemon.day19.pojo.ApiCaseDetail)[pri:0, instance:lemon.day19.testCase.All_Test_Case@256216b3]" name="test_case" duration-ms="611" started-at="2019-09-18T17:30:30Z" data-provider="getData" finished-at="2019-09-18T17:30:31Z">
          <params>
            <param index="0">
              <value>
                <![CDATA[ApiCaseDetail [caseId=3, apiId=1, requestData={ "mobile_phone": "13888","pwd": "12345678"}, actualResp=, expectedRespKeyInfo=[{"jsonPath":"$.code","expected":2},
{"jsonPath":"$.msg","expected":"无效的手机格式"}], apiInfo=ApiInfo [apiId=1, apiName=注册, url=http://120.78.128.25:8766/futureloan/member/register, type=POST, headers=[{"name":"X-Lemonban-Media-Type","value":"lemonban.v1"},{"name":"org","value":"lemonban"}], getRowNo()=2]]]]>
              </value>
            </param>
          </params>
          <reporter-output>
          </reporter-output>
        </test-method> <!-- test_case -->
        <test-method status="PASS" signature="test_case(lemon.day19.pojo.ApiCaseDetail)[pri:0, instance:lemon.day19.testCase.All_Test_Case@256216b3]" name="test_case" duration-ms="72" started-at="2019-09-18T17:30:31Z" data-provider="getData" finished-at="2019-09-18T17:30:31Z">
          <params>
            <param index="0">
              <value>
                <![CDATA[ApiCaseDetail [caseId=4, apiId=1, requestData={ "mobile_phone": "lemon","pwd": "12345678"}, actualResp=, expectedRespKeyInfo=[{"jsonPath":"$.code","expected":2},
{"jsonPath":"$.msg","expected":"无效的手机格式"}], apiInfo=ApiInfo [apiId=1, apiName=注册, url=http://120.78.128.25:8766/futureloan/member/register, type=POST, headers=[{"name":"X-Lemonban-Media-Type","value":"lemonban.v1"},{"name":"org","value":"lemonban"}], getRowNo()=2]]]]>
              </value>
            </param>
          </params>
          <reporter-output>
          </reporter-output>
        </test-method> <!-- test_case -->
        <test-method status="PASS" signature="test_case(lemon.day19.pojo.ApiCaseDetail)[pri:0, instance:lemon.day19.testCase.All_Test_Case@256216b3]" name="test_case" duration-ms="73" started-at="2019-09-18T17:30:31Z" data-provider="getData" finished-at="2019-09-18T17:30:31Z">
          <params>
            <param index="0">
              <value>
                <![CDATA[ApiCaseDetail [caseId=5, apiId=1, requestData={ "mobile_phone": "13888887773","pwd": ""}, actualResp=, expectedRespKeyInfo=[{"jsonPath":"$.code","expected":1},
{"jsonPath":"$.msg","expected":"密码为空"}], apiInfo=ApiInfo [apiId=1, apiName=注册, url=http://120.78.128.25:8766/futureloan/member/register, type=POST, headers=[{"name":"X-Lemonban-Media-Type","value":"lemonban.v1"},{"name":"org","value":"lemonban"}], getRowNo()=2]]]]>
              </value>
            </param>
          </params>
          <reporter-output>
          </reporter-output>
        </test-method> <!-- test_case -->
        <test-method status="PASS" signature="test_case(lemon.day19.pojo.ApiCaseDetail)[pri:0, instance:lemon.day19.testCase.All_Test_Case@256216b3]" name="test_case" duration-ms="79" started-at="2019-09-18T17:30:31Z" data-provider="getData" finished-at="2019-09-18T17:30:31Z">
          <params>
            <param index="0">
              <value>
                <![CDATA[ApiCaseDetail [caseId=6, apiId=1, requestData={ "mobile_phone": "","pwd": ""}, actualResp=, expectedRespKeyInfo=[{"jsonPath":"$.code","expected":1},
{"jsonPath":"$.msg","expected":"手机号为空"}], apiInfo=ApiInfo [apiId=1, apiName=注册, url=http://120.78.128.25:8766/futureloan/member/register, type=POST, headers=[{"name":"X-Lemonban-Media-Type","value":"lemonban.v1"},{"name":"org","value":"lemonban"}], getRowNo()=2]]]]>
              </value>
            </param>
          </params>
          <reporter-output>
          </reporter-output>
        </test-method> <!-- test_case -->
        <test-method status="PASS" signature="test_case(lemon.day19.pojo.ApiCaseDetail)[pri:0, instance:lemon.day19.testCase.All_Test_Case@256216b3]" name="test_case" duration-ms="82" started-at="2019-09-18T17:30:31Z" data-provider="getData" finished-at="2019-09-18T17:30:31Z">
          <params>
            <param index="0">
              <value>
                <![CDATA[ApiCaseDetail [caseId=7, apiId=1, requestData={ "mobile_phone": "13888887773","pwd": "12345"}, actualResp=, expectedRespKeyInfo=, apiInfo=ApiInfo [apiId=1, apiName=注册, url=http://120.78.128.25:8766/futureloan/member/register, type=POST, headers=[{"name":"X-Lemonban-Media-Type","value":"lemonban.v1"},{"name":"org","value":"lemonban"}], getRowNo()=2]]]]>
              </value>
            </param>
          </params>
          <reporter-output>
          </reporter-output>
        </test-method> <!-- test_case -->
        <test-method status="FAIL" signature="test_case(lemon.day19.pojo.ApiCaseDetail)[pri:0, instance:lemon.day19.testCase.All_Test_Case@256216b3]" name="test_case" duration-ms="2" started-at="2019-09-18T17:30:31Z" data-provider="getData" finished-at="2019-09-18T17:30:31Z">
          <params>
            <param index="0">
              <value>
                <![CDATA[ApiCaseDetail [caseId=8, apiId=2, requestData={"mobile_phone": "13855557777","pwd": "12345678"}, actualResp=, expectedRespKeyInfo=[{"jsonPath":"$.code","expected":0},
{"jsonPath":"$.msg","expected":"OK"},
{"jsonPath":"$.data.id","expected":38},
{"jsonPath":"$.data.type","expected":1}], apiInfo=ApiInfo [apiId=2, apiName=登录, url=http://120.78.128.25:8766/futureloan/member/login, type=POST, headers=[{"name":"X-Lemonban-Media-Type","value":"lemonban.v1"},{"name":"org","value":"lemonban"}], getRowNo()=3]]]]>
              </value>
            </param>
          </params>
          <exception class="java.lang.NoClassDefFoundError">
            <message>
              <![CDATA[Could not initialize class lemon.day19.utils.DbUtils]]>
            </message>
            <full-stacktrace>
              <![CDATA[java.lang.NoClassDefFoundError: Could not initialize class lemon.day19.utils.DbUtils
	at lemon.day19.utils.SqlCheckUtils.check(SqlCheckUtils.java:51)
	at lemon.day19.utils.SqlCheckUtils.beforeCheck(SqlCheckUtils.java:19)
	at lemon.day19.testCase.All_Test_Case.test_case(All_Test_Case.java:51)
	at sun.reflect.NativeMethodAccessorImpl.invoke0(Native Method)
	at sun.reflect.NativeMethodAccessorImpl.invoke(Unknown Source)
	at sun.reflect.DelegatingMethodAccessorImpl.invoke(Unknown Source)
	at java.lang.reflect.Method.invoke(Unknown Source)
	at org.testng.internal.MethodInvocationHelper.invokeMethod(MethodInvocationHelper.java:85)
	at org.testng.internal.Invoker.invokeMethod(Invoker.java:639)
	at org.testng.internal.Invoker.invokeTestMethod(Invoker.java:816)
	at org.testng.internal.Invoker.invokeTestMethods(Invoker.java:1124)
	at org.testng.internal.TestMethodWorker.invokeTestMethods(TestMethodWorker.java:125)
	at org.testng.internal.TestMethodWorker.run(TestMethodWorker.java:108)
	at org.testng.TestRunner.privateRun(TestRunner.java:774)
	at org.testng.TestRunner.run(TestRunner.java:624)
	at org.testng.SuiteRunner.runTest(SuiteRunner.java:359)
	at org.testng.SuiteRunner.runSequentially(SuiteRunner.java:354)
	at org.testng.SuiteRunner.privateRun(SuiteRunner.java:312)
	at org.testng.SuiteRunner.run(SuiteRunner.java:261)
	at org.testng.SuiteRunnerWorker.runSuite(SuiteRunnerWorker.java:52)
	at org.testng.SuiteRunnerWorker.run(SuiteRunnerWorker.java:86)
	at org.testng.TestNG.runSuitesSequentially(TestNG.java:1191)
	at org.testng.TestNG.runSuitesLocally(TestNG.java:1116)
	at org.testng.TestNG.run(TestNG.java:1024)
	at org.testng.remote.RemoteTestNG.run(RemoteTestNG.java:112)
	at org.testng.remote.RemoteTestNG.initAndRun(RemoteTestNG.java:205)
	at org.testng.remote.RemoteTestNG.main(RemoteTestNG.java:176)
]]>
            </full-stacktrace>
          </exception> <!-- java.lang.NoClassDefFoundError -->
          <reporter-output>
          </reporter-output>
        </test-method> <!-- test_case -->
        <test-method status="PASS" signature="test_case(lemon.day19.pojo.ApiCaseDetail)[pri:0, instance:lemon.day19.testCase.All_Test_Case@256216b3]" name="test_case" duration-ms="74" started-at="2019-09-18T17:30:31Z" data-provider="getData" finished-at="2019-09-18T17:30:31Z">
          <params>
            <param index="0">
              <value>
                <![CDATA[ApiCaseDetail [caseId=9, apiId=2, requestData={"mobile_phone": "13888","pwd": "12345678"}, actualResp=, expectedRespKeyInfo=, apiInfo=ApiInfo [apiId=2, apiName=登录, url=http://120.78.128.25:8766/futureloan/member/login, type=POST, headers=[{"name":"X-Lemonban-Media-Type","value":"lemonban.v1"},{"name":"org","value":"lemonban"}], getRowNo()=3]]]]>
              </value>
            </param>
          </params>
          <reporter-output>
          </reporter-output>
        </test-method> <!-- test_case -->
        <test-method status="PASS" signature="test_case(lemon.day19.pojo.ApiCaseDetail)[pri:0, instance:lemon.day19.testCase.All_Test_Case@256216b3]" name="test_case" duration-ms="80" started-at="2019-09-18T17:30:31Z" data-provider="getData" finished-at="2019-09-18T17:30:31Z">
          <params>
            <param index="0">
              <value>
                <![CDATA[ApiCaseDetail [caseId=10, apiId=2, requestData={"mobile_phone": "","pwd": "12345678"}, actualResp=, expectedRespKeyInfo=, apiInfo=ApiInfo [apiId=2, apiName=登录, url=http://120.78.128.25:8766/futureloan/member/login, type=POST, headers=[{"name":"X-Lemonban-Media-Type","value":"lemonban.v1"},{"name":"org","value":"lemonban"}], getRowNo()=3]]]]>
              </value>
            </param>
          </params>
          <reporter-output>
          </reporter-output>
        </test-method> <!-- test_case -->
        <test-method status="PASS" signature="test_case(lemon.day19.pojo.ApiCaseDetail)[pri:0, instance:lemon.day19.testCase.All_Test_Case@256216b3]" name="test_case" duration-ms="74" started-at="2019-09-18T17:30:31Z" data-provider="getData" finished-at="2019-09-18T17:30:31Z">
          <params>
            <param index="0">
              <value>
                <![CDATA[ApiCaseDetail [caseId=11, apiId=2, requestData={"mobile_phone": "","pwd": ""}, actualResp=, expectedRespKeyInfo=, apiInfo=ApiInfo [apiId=2, apiName=登录, url=http://120.78.128.25:8766/futureloan/member/login, type=POST, headers=[{"name":"X-Lemonban-Media-Type","value":"lemonban.v1"},{"name":"org","value":"lemonban"}], getRowNo()=3]]]]>
              </value>
            </param>
          </params>
          <reporter-output>
          </reporter-output>
        </test-method> <!-- test_case -->
        <test-method status="PASS" signature="test_case(lemon.day19.pojo.ApiCaseDetail)[pri:0, instance:lemon.day19.testCase.All_Test_Case@256216b3]" name="test_case" duration-ms="77" started-at="2019-09-18T17:30:31Z" data-provider="getData" finished-at="2019-09-18T17:30:31Z">
          <params>
            <param index="0">
              <value>
                <![CDATA[ApiCaseDetail [caseId=12, apiId=2, requestData={"mobile_phone": "lemon","pwd": ""}, actualResp=, expectedRespKeyInfo=, apiInfo=ApiInfo [apiId=2, apiName=登录, url=http://120.78.128.25:8766/futureloan/member/login, type=POST, headers=[{"name":"X-Lemonban-Media-Type","value":"lemonban.v1"},{"name":"org","value":"lemonban"}], getRowNo()=3]]]]>
              </value>
            </param>
          </params>
          <reporter-output>
          </reporter-output>
        </test-method> <!-- test_case -->
        <test-method status="PASS" signature="test_case(lemon.day19.pojo.ApiCaseDetail)[pri:0, instance:lemon.day19.testCase.All_Test_Case@256216b3]" name="test_case" duration-ms="76" started-at="2019-09-18T17:30:31Z" data-provider="getData" finished-at="2019-09-18T17:30:31Z">
          <params>
            <param index="0">
              <value>
                <![CDATA[ApiCaseDetail [caseId=13, apiId=2, requestData={"mobile_phone": "13888887773","pwd": "12345"}, actualResp=, expectedRespKeyInfo=, apiInfo=ApiInfo [apiId=2, apiName=登录, url=http://120.78.128.25:8766/futureloan/member/login, type=POST, headers=[{"name":"X-Lemonban-Media-Type","value":"lemonban.v1"},{"name":"org","value":"lemonban"}], getRowNo()=3]]]]>
              </value>
            </param>
          </params>
          <reporter-output>
          </reporter-output>
        </test-method> <!-- test_case -->
        <test-method status="PASS" signature="test_case(lemon.day19.pojo.ApiCaseDetail)[pri:0, instance:lemon.day19.testCase.All_Test_Case@256216b3]" name="test_case" duration-ms="87" started-at="2019-09-18T17:30:31Z" data-provider="getData" finished-at="2019-09-18T17:30:32Z">
          <params>
            <param index="0">
              <value>
                <![CDATA[ApiCaseDetail [caseId=14, apiId=2, requestData={"mobile_phone": "13888887773"}, actualResp=, expectedRespKeyInfo=, apiInfo=ApiInfo [apiId=2, apiName=登录, url=http://120.78.128.25:8766/futureloan/member/login, type=POST, headers=[{"name":"X-Lemonban-Media-Type","value":"lemonban.v1"},{"name":"org","value":"lemonban"}], getRowNo()=3]]]]>
              </value>
            </param>
          </params>
          <reporter-output>
          </reporter-output>
        </test-method> <!-- test_case -->
        <test-method status="PASS" signature="test_case(lemon.day19.pojo.ApiCaseDetail)[pri:0, instance:lemon.day19.testCase.All_Test_Case@256216b3]" name="test_case" duration-ms="75" started-at="2019-09-18T17:30:32Z" data-provider="getData" finished-at="2019-09-18T17:30:32Z">
          <params>
            <param index="0">
              <value>
                <![CDATA[ApiCaseDetail [caseId=15, apiId=3, requestData={"member_id": 47,"amount": 0}, actualResp=, expectedRespKeyInfo=, apiInfo=ApiInfo [apiId=3, apiName=充值, url=http://120.78.128.25:8766/futureloan/member/recharge, type=POST, headers=[{"name":"X-Lemonban-Media-Type","value":"lemonban.v1"},{"name":"org","value":"lemonban"}], getRowNo()=4]]]]>
              </value>
            </param>
          </params>
          <reporter-output>
          </reporter-output>
        </test-method> <!-- test_case -->
        <test-method status="PASS" signature="test_case(lemon.day19.pojo.ApiCaseDetail)[pri:0, instance:lemon.day19.testCase.All_Test_Case@256216b3]" name="test_case" duration-ms="85" started-at="2019-09-18T17:30:32Z" data-provider="getData" finished-at="2019-09-18T17:30:32Z">
          <params>
            <param index="0">
              <value>
                <![CDATA[ApiCaseDetail [caseId=16, apiId=3, requestData={"member_id": 47,"amount": 6300}, actualResp=, expectedRespKeyInfo=, apiInfo=ApiInfo [apiId=3, apiName=充值, url=http://120.78.128.25:8766/futureloan/member/recharge, type=POST, headers=[{"name":"X-Lemonban-Media-Type","value":"lemonban.v1"},{"name":"org","value":"lemonban"}], getRowNo()=4]]]]>
              </value>
            </param>
          </params>
          <reporter-output>
          </reporter-output>
        </test-method> <!-- test_case -->
        <test-method status="PASS" signature="test_case(lemon.day19.pojo.ApiCaseDetail)[pri:0, instance:lemon.day19.testCase.All_Test_Case@256216b3]" name="test_case" duration-ms="75" started-at="2019-09-18T17:30:32Z" data-provider="getData" finished-at="2019-09-18T17:30:32Z">
          <params>
            <param index="0">
              <value>
                <![CDATA[ApiCaseDetail [caseId=17, apiId=3, requestData={"member_id": 47,"amount": 500001}, actualResp=, expectedRespKeyInfo=, apiInfo=ApiInfo [apiId=3, apiName=充值, url=http://120.78.128.25:8766/futureloan/member/recharge, type=POST, headers=[{"name":"X-Lemonban-Media-Type","value":"lemonban.v1"},{"name":"org","value":"lemonban"}], getRowNo()=4]]]]>
              </value>
            </param>
          </params>
          <reporter-output>
          </reporter-output>
        </test-method> <!-- test_case -->
        <test-method status="PASS" signature="test_case(lemon.day19.pojo.ApiCaseDetail)[pri:0, instance:lemon.day19.testCase.All_Test_Case@256216b3]" name="test_case" duration-ms="75" started-at="2019-09-18T17:30:32Z" data-provider="getData" finished-at="2019-09-18T17:30:32Z">
          <params>
            <param index="0">
              <value>
                <![CDATA[ApiCaseDetail [caseId=18, apiId=3, requestData={"member_id": 47,"amount": -100}, actualResp=, expectedRespKeyInfo=, apiInfo=ApiInfo [apiId=3, apiName=充值, url=http://120.78.128.25:8766/futureloan/member/recharge, type=POST, headers=[{"name":"X-Lemonban-Media-Type","value":"lemonban.v1"},{"name":"org","value":"lemonban"}], getRowNo()=4]]]]>
              </value>
            </param>
          </params>
          <reporter-output>
          </reporter-output>
        </test-method> <!-- test_case -->
        <test-method status="PASS" signature="afterSuite()[pri:0, instance:lemon.day19.testCase.All_Test_Case@256216b3]" name="afterSuite" is-config="true" duration-ms="168" started-at="2019-09-18T17:30:32Z" finished-at="2019-09-18T17:30:32Z">
          <reporter-output>
          </reporter-output>
        </test-method> <!-- afterSuite -->
      </class> <!-- lemon.day19.testCase.All_Test_Case -->
    </test> <!-- Default test -->
  </suite> <!-- Default suite -->
</testng-results>
